Compilation failed:
    source file: '/Users/kouyang/Desktop/Monotrack/court-detection/build/_deps/opencv-src/cmake/checks/cxx11.cpp'
    check option: ''
===== BUILD LOG =====
Change Dir: '/Users/kouyang/Desktop/Monotrack/court-detection/build/CMakeFiles/CMakeTmp'

Run Build Command(s): /opt/homebrew/Cellar/cmake/3.29.5/bin/cmake -E env VERBOSE=1 /usr/bin/make -f Makefile cmTC_ba9b4/fast
/Library/Developer/CommandLineTools/usr/bin/make  -f CMakeFiles/cmTC_ba9b4.dir/build.make CMakeFiles/cmTC_ba9b4.dir/build
Building CXX object CMakeFiles/cmTC_ba9b4.dir/cxx11.cpp.o
/Library/Developer/CommandLineTools/usr/bin/c++   -Wall -Wextra  -arch arm64 -isysroot /Library/Developer/CommandLineTools/SDKs/MacOSX14.4.sdk -mmacosx-version-min=14.3 -fPIE -MD -MT CMakeFiles/cmTC_ba9b4.dir/cxx11.cpp.o -MF CMakeFiles/cmTC_ba9b4.dir/cxx11.cpp.o.d -o CMakeFiles/cmTC_ba9b4.dir/cxx11.cpp.o -c /Users/kouyang/Desktop/Monotrack/court-detection/build/_deps/opencv-src/cmake/checks/cxx11.cpp
/Users/kouyang/Desktop/Monotrack/court-detection/build/_deps/opencv-src/cmake/checks/cxx11.cpp:4:2: error: "C++11 is not supported"
#error "C++11 is not supported"
 ^
/Users/kouyang/Desktop/Monotrack/court-detection/build/_deps/opencv-src/cmake/checks/cxx11.cpp:11:5: warning: 'auto' type specifier is a C++11 extension [-Wc++11-extensions]
    auto res = test();
    ^
1 warning and 1 error generated.
make[1]: *** [CMakeFiles/cmTC_ba9b4.dir/cxx11.cpp.o] Error 1
make: *** [cmTC_ba9b4/fast] Error 2


===== END =====

Compilation failed:
    source file: '/Users/kouyang/Desktop/Monotrack/court-detection/build/CMakeFiles/CMakeTmp/src.cxx'
    check option: ''
===== BUILD LOG =====
Change Dir: '/Users/kouyang/Desktop/Monotrack/court-detection/build/CMakeFiles/CMakeTmp'

Run Build Command(s): /opt/homebrew/Cellar/cmake/3.29.5/bin/cmake -E env VERBOSE=1 /usr/bin/make -f Makefile cmTC_7e00d/fast
/Library/Developer/CommandLineTools/usr/bin/make  -f CMakeFiles/cmTC_7e00d.dir/build.make CMakeFiles/cmTC_7e00d.dir/build
Building CXX object CMakeFiles/cmTC_7e00d.dir/src.cxx.o
/Library/Developer/CommandLineTools/usr/bin/c++   -Wall -Wextra  -O3 -DNDEBUG -arch arm64 -isysroot /Library/Developer/CommandLineTools/SDKs/MacOSX14.4.sdk -mmacosx-version-min=14.3 -fPIE -MD -MT CMakeFiles/cmTC_7e00d.dir/src.cxx.o -MF CMakeFiles/cmTC_7e00d.dir/src.cxx.o.d -o CMakeFiles/cmTC_7e00d.dir/src.cxx.o -c /Users/kouyang/Desktop/Monotrack/court-detection/build/CMakeFiles/CMakeTmp/src.cxx
/Users/kouyang/Desktop/Monotrack/court-detection/build/CMakeFiles/CMakeTmp/src.cxx:1:8: warning: unknown pragma ignored [-Wunknown-pragmas]
#pragma
       ^
1 warning generated.
Linking CXX executable cmTC_7e00d
/opt/homebrew/Cellar/cmake/3.29.5/bin/cmake -E cmake_link_script CMakeFiles/cmTC_7e00d.dir/link.txt --verbose=1
/Library/Developer/CommandLineTools/usr/bin/c++ -Wall -Wextra  -O3 -DNDEBUG -arch arm64 -isysroot /Library/Developer/CommandLineTools/SDKs/MacOSX14.4.sdk -mmacosx-version-min=14.3 -Wl,-search_paths_first -Wl,-headerpad_max_install_names  -Wl,--as-needed  CMakeFiles/cmTC_7e00d.dir/src.cxx.o -o cmTC_7e00d
ld: unknown options: --as-needed 
clang: error: linker command failed with exit code 1 (use -v to see invocation)
make[1]: *** [cmTC_7e00d] Error 1
make: *** [cmTC_7e00d/fast] Error 2


===== END =====

Build output check failed:
    Regex: 'unknown .*option'
    Output line: 'warning: unknown warning option '-Wno-maybe-uninitialized', did you mean '-Wno-uninitialized'? [-Wunknown-warning-option]'
Compilation failed:
    source file: '/Users/kouyang/Desktop/Monotrack/court-detection/build/CMakeFiles/CMakeTmp/src.c'
    check option: ' -Wno-maybe-uninitialized'
===== BUILD LOG =====
Change Dir: '/Users/kouyang/Desktop/Monotrack/court-detection/build/CMakeFiles/CMakeTmp'

Run Build Command(s): /opt/homebrew/Cellar/cmake/3.29.5/bin/cmake -E env VERBOSE=1 /usr/bin/make -f Makefile cmTC_996c1/fast
/Library/Developer/CommandLineTools/usr/bin/make  -f CMakeFiles/cmTC_996c1.dir/build.make CMakeFiles/cmTC_996c1.dir/build
Building C object CMakeFiles/cmTC_996c1.dir/src.c.o
/Library/Developer/CommandLineTools/usr/bin/cc   -fsigned-char -W -Wall -Werror=return-type -Werror=non-virtual-dtor -Werror=address -Werror=sequence-point -Wformat -Werror=format-security -Wstrict-prototypes -Winit-self -Wpointer-arith -Wsign-promo -Wuninitialized -Winit-self -Wno-delete-non-virtual-dtor -Wno-unnamed-type-template-args -Wno-comment -Wno-deprecated-enum-enum-conversion -Wno-deprecated-anon-enum-enum-conversion -fdiagnostics-show-option -Qunused-arguments -Wno-semicolon-before-method-body -ffunction-sections -fdata-sections    -fvisibility=hidden -fvisibility-inlines-hidden -Wno-unused-but-set-variable -Wno-missing-prototypes -Wno-missing-declarations -Wno-undef -Wno-unused -Wno-sign-compare -Wno-cast-align -Wno-shadow  -O3 -DNDEBUG  -DNDEBUG -arch arm64 -isysroot /Library/Developer/CommandLineTools/SDKs/MacOSX14.4.sdk -mmacosx-version-min=14.3 -fPIE    -Wno-maybe-uninitialized -MD -MT CMakeFiles/cmTC_996c1.dir/src.c.o -MF CMakeFiles/cmTC_996c1.dir/src.c.o.d -o CMakeFiles/cmTC_996c1.dir/src.c.o -c /Users/kouyang/Desktop/Monotrack/court-detection/build/CMakeFiles/CMakeTmp/src.c
warning: unknown warning option '-Wno-maybe-uninitialized'; did you mean '-Wno-uninitialized'? [-Wunknown-warning-option]
/Users/kouyang/Desktop/Monotrack/court-detection/build/CMakeFiles/CMakeTmp/src.c:1:8: warning: unknown pragma ignored [-Wunknown-pragmas]
#pragma
       ^
2 warnings generated.
Linking C executable cmTC_996c1
/opt/homebrew/Cellar/cmake/3.29.5/bin/cmake -E cmake_link_script CMakeFiles/cmTC_996c1.dir/link.txt --verbose=1
/Library/Developer/CommandLineTools/usr/bin/cc    -fsigned-char -W -Wall -Werror=return-type -Werror=non-virtual-dtor -Werror=address -Werror=sequence-point -Wformat -Werror=format-security -Wstrict-prototypes -Winit-self -Wpointer-arith -Wsign-promo -Wuninitialized -Winit-self -Wno-delete-non-virtual-dtor -Wno-unnamed-type-template-args -Wno-comment -Wno-deprecated-enum-enum-conversion -Wno-deprecated-anon-enum-enum-conversion -fdiagnostics-show-option -Qunused-arguments -Wno-semicolon-before-method-body -ffunction-sections -fdata-sections    -fvisibility=hidden -fvisibility-inlines-hidden -Wno-unused-but-set-variable -Wno-missing-prototypes -Wno-missing-declarations -Wno-undef -Wno-unused -Wno-sign-compare -Wno-cast-align -Wno-shadow  -O3 -DNDEBUG  -DNDEBUG -arch arm64 -isysroot /Library/Developer/CommandLineTools/SDKs/MacOSX14.4.sdk -mmacosx-version-min=14.3 -Wl,-search_paths_first -Wl,-headerpad_max_install_names   -Wl,-dead_strip  CMakeFiles/cmTC_996c1.dir/src.c.o -o cmTC_996c1


===== END =====

